This is pdfTeX, Version 3.14159265-2.6-1.40.15 (TeX Live 2014/W32TeX) (preloaded format=pdflatex 2015.1.27)  7 MAR 2015 21:29
entering extended mode
 restricted \write18 enabled.
 %&-line parsing enabled.
**C:/Users/David/Dropbox/Mission-Control/Documents/portfolio/capstonePortfolio.
tex

(c:/Users/David/Dropbox/Mission-Control/Documents/portfolio/capstonePortfolio.t
ex
LaTeX2e <2014/05/01>
Babel <3.9l> and hyphenation patterns for 79 languages loaded.
(c:/texlive/2014/texmf-dist/tex/latex/base/article.cls
Document Class: article 2014/09/29 v1.4h Standard LaTeX document class
(c:/texlive/2014/texmf-dist/tex/latex/base/size11.clo
File: size11.clo 2014/09/29 v1.4h Standard LaTeX file (size option)
)
\c@part=\count79
\c@section=\count80
\c@subsection=\count81
\c@subsubsection=\count82
\c@paragraph=\count83
\c@subparagraph=\count84
\c@figure=\count85
\c@table=\count86
\abovecaptionskip=\skip41
\belowcaptionskip=\skip42
\bibindent=\dimen102
) (c:/texlive/2014/texmf-dist/tex/latex/base/inputenc.sty
Package: inputenc 2014/04/30 v1.2b Input encoding file
\inpenc@prehook=\toks14
\inpenc@posthook=\toks15
(c:/texlive/2014/texmf-dist/tex/latex/base/utf8.def
File: utf8.def 2014/09/29 v1.1m UTF-8 support for inputenc
Now handling font encoding OML ...
... no UTF-8 mapping file for font encoding OML
Now handling font encoding T1 ...
... processing UTF-8 mapping file for font encoding T1
(c:/texlive/2014/texmf-dist/tex/latex/base/t1enc.dfu
File: t1enc.dfu 2014/09/29 v1.1m UTF-8 support for inputenc
   defining Unicode char U+00A1 (decimal 161)
   defining Unicode char U+00A3 (decimal 163)
   defining Unicode char U+00AB (decimal 171)
   defining Unicode char U+00BB (decimal 187)
   defining Unicode char U+00BF (decimal 191)
   defining Unicode char U+00C0 (decimal 192)
   defining Unicode char U+00C1 (decimal 193)
   defining Unicode char U+00C2 (decimal 194)
   defining Unicode char U+00C3 (decimal 195)
   defining Unicode char U+00C4 (decimal 196)
   defining Unicode char U+00C5 (decimal 197)
   defining Unicode char U+00C6 (decimal 198)
   defining Unicode char U+00C7 (decimal 199)
   defining Unicode char U+00C8 (decimal 200)
   defining Unicode char U+00C9 (decimal 201)
   defining Unicode char U+00CA (decimal 202)
   defining Unicode char U+00CB (decimal 203)
   defining Unicode char U+00CC (decimal 204)
   defining Unicode char U+00CD (decimal 205)
   defining Unicode char U+00CE (decimal 206)
   defining Unicode char U+00CF (decimal 207)
   defining Unicode char U+00D0 (decimal 208)
   defining Unicode char U+00D1 (decimal 209)
   defining Unicode char U+00D2 (decimal 210)
   defining Unicode char U+00D3 (decimal 211)
   defining Unicode char U+00D4 (decimal 212)
   defining Unicode char U+00D5 (decimal 213)
   defining Unicode char U+00D6 (decimal 214)
   defining Unicode char U+00D8 (decimal 216)
   defining Unicode char U+00D9 (decimal 217)
   defining Unicode char U+00DA (decimal 218)
   defining Unicode char U+00DB (decimal 219)
   defining Unicode char U+00DC (decimal 220)
   defining Unicode char U+00DD (decimal 221)
   defining Unicode char U+00DE (decimal 222)
   defining Unicode char U+00DF (decimal 223)
   defining Unicode char U+00E0 (decimal 224)
   defining Unicode char U+00E1 (decimal 225)
   defining Unicode char U+00E2 (decimal 226)
   defining Unicode char U+00E3 (decimal 227)
   defining Unicode char U+00E4 (decimal 228)
   defining Unicode char U+00E5 (decimal 229)
   defining Unicode char U+00E6 (decimal 230)
   defining Unicode char U+00E7 (decimal 231)
   defining Unicode char U+00E8 (decimal 232)
   defining Unicode char U+00E9 (decimal 233)
   defining Unicode char U+00EA (decimal 234)
   defining Unicode char U+00EB (decimal 235)
   defining Unicode char U+00EC (decimal 236)
   defining Unicode char U+00ED (decimal 237)
   defining Unicode char U+00EE (decimal 238)
   defining Unicode char U+00EF (decimal 239)
   defining Unicode char U+00F0 (decimal 240)
   defining Unicode char U+00F1 (decimal 241)
   defining Unicode char U+00F2 (decimal 242)
   defining Unicode char U+00F3 (decimal 243)
   defining Unicode char U+00F4 (decimal 244)
   defining Unicode char U+00F5 (decimal 245)
   defining Unicode char U+00F6 (decimal 246)
   defining Unicode char U+00F8 (decimal 248)
   defining Unicode char U+00F9 (decimal 249)
   defining Unicode char U+00FA (decimal 250)
   defining Unicode char U+00FB (decimal 251)
   defining Unicode char U+00FC (decimal 252)
   defining Unicode char U+00FD (decimal 253)
   defining Unicode char U+00FE (decimal 254)
   defining Unicode char U+00FF (decimal 255)
   defining Unicode char U+0102 (decimal 258)
   defining Unicode char U+0103 (decimal 259)
   defining Unicode char U+0104 (decimal 260)
   defining Unicode char U+0105 (decimal 261)
   defining Unicode char U+0106 (decimal 262)
   defining Unicode char U+0107 (decimal 263)
   defining Unicode char U+010C (decimal 268)
   defining Unicode char U+010D (decimal 269)
   defining Unicode char U+010E (decimal 270)
   defining Unicode char U+010F (decimal 271)
   defining Unicode char U+0110 (decimal 272)
   defining Unicode char U+0111 (decimal 273)
   defining Unicode char U+0118 (decimal 280)
   defining Unicode char U+0119 (decimal 281)
   defining Unicode char U+011A (decimal 282)
   defining Unicode char U+011B (decimal 283)
   defining Unicode char U+011E (decimal 286)
   defining Unicode char U+011F (decimal 287)
   defining Unicode char U+0130 (decimal 304)
   defining Unicode char U+0131 (decimal 305)
   defining Unicode char U+0132 (decimal 306)
   defining Unicode char U+0133 (decimal 307)
   defining Unicode char U+0139 (decimal 313)
   defining Unicode char U+013A (decimal 314)
   defining Unicode char U+013D (decimal 317)
   defining Unicode char U+013E (decimal 318)
   defining Unicode char U+0141 (decimal 321)
   defining Unicode char U+0142 (decimal 322)
   defining Unicode char U+0143 (decimal 323)
   defining Unicode char U+0144 (decimal 324)
   defining Unicode char U+0147 (decimal 327)
   defining Unicode char U+0148 (decimal 328)
   defining Unicode char U+014A (decimal 330)
   defining Unicode char U+014B (decimal 331)
   defining Unicode char U+0150 (decimal 336)
   defining Unicode char U+0151 (decimal 337)
   defining Unicode char U+0152 (decimal 338)
   defining Unicode char U+0153 (decimal 339)
   defining Unicode char U+0154 (decimal 340)
   defining Unicode char U+0155 (decimal 341)
   defining Unicode char U+0158 (decimal 344)
   defining Unicode char U+0159 (decimal 345)
   defining Unicode char U+015A (decimal 346)
   defining Unicode char U+015B (decimal 347)
   defining Unicode char U+015E (decimal 350)
   defining Unicode char U+015F (decimal 351)
   defining Unicode char U+0160 (decimal 352)
   defining Unicode char U+0161 (decimal 353)
   defining Unicode char U+0162 (decimal 354)
   defining Unicode char U+0163 (decimal 355)
   defining Unicode char U+0164 (decimal 356)
   defining Unicode char U+0165 (decimal 357)
   defining Unicode char U+016E (decimal 366)
   defining Unicode char U+016F (decimal 367)
   defining Unicode char U+0170 (decimal 368)
   defining Unicode char U+0171 (decimal 369)
   defining Unicode char U+0178 (decimal 376)
   defining Unicode char U+0179 (decimal 377)
   defining Unicode char U+017A (decimal 378)
   defining Unicode char U+017B (decimal 379)
   defining Unicode char U+017C (decimal 380)
   defining Unicode char U+017D (decimal 381)
   defining Unicode char U+017E (decimal 382)
   defining Unicode char U+200C (decimal 8204)
   defining Unicode char U+2013 (decimal 8211)
   defining Unicode char U+2014 (decimal 8212)
   defining Unicode char U+2018 (decimal 8216)
   defining Unicode char U+2019 (decimal 8217)
   defining Unicode char U+201A (decimal 8218)
   defining Unicode char U+201C (decimal 8220)
   defining Unicode char U+201D (decimal 8221)
   defining Unicode char U+201E (decimal 8222)
   defining Unicode char U+2030 (decimal 8240)
   defining Unicode char U+2031 (decimal 8241)
   defining Unicode char U+2039 (decimal 8249)
   defining Unicode char U+203A (decimal 8250)
   defining Unicode char U+2423 (decimal 9251)
)
Now handling font encoding OT1 ...
... processing UTF-8 mapping file for font encoding OT1
(c:/texlive/2014/texmf-dist/tex/latex/base/ot1enc.dfu
File: ot1enc.dfu 2014/09/29 v1.1m UTF-8 support for inputenc
   defining Unicode char U+00A1 (decimal 161)
   defining Unicode char U+00A3 (decimal 163)
   defining Unicode char U+00B8 (decimal 184)
   defining Unicode char U+00BF (decimal 191)
   defining Unicode char U+00C5 (decimal 197)
   defining Unicode char U+00C6 (decimal 198)
   defining Unicode char U+00D8 (decimal 216)
   defining Unicode char U+00DF (decimal 223)
   defining Unicode char U+00E6 (decimal 230)
   defining Unicode char U+00EC (decimal 236)
   defining Unicode char U+00ED (decimal 237)
   defining Unicode char U+00EE (decimal 238)
   defining Unicode char U+00EF (decimal 239)
   defining Unicode char U+00F8 (decimal 248)
   defining Unicode char U+0131 (decimal 305)
   defining Unicode char U+0141 (decimal 321)
   defining Unicode char U+0142 (decimal 322)
   defining Unicode char U+0152 (decimal 338)
   defining Unicode char U+0153 (decimal 339)
   defining Unicode char U+2013 (decimal 8211)
   defining Unicode char U+2014 (decimal 8212)
   defining Unicode char U+2018 (decimal 8216)
   defining Unicode char U+2019 (decimal 8217)
   defining Unicode char U+201C (decimal 8220)
   defining Unicode char U+201D (decimal 8221)
)
Now handling font encoding OMS ...
... processing UTF-8 mapping file for font encoding OMS
(c:/texlive/2014/texmf-dist/tex/latex/base/omsenc.dfu
File: omsenc.dfu 2014/09/29 v1.1m UTF-8 support for inputenc
   defining Unicode char U+00A7 (decimal 167)
   defining Unicode char U+00B6 (decimal 182)
   defining Unicode char U+00B7 (decimal 183)
   defining Unicode char U+2020 (decimal 8224)
   defining Unicode char U+2021 (decimal 8225)
   defining Unicode char U+2022 (decimal 8226)
)
Now handling font encoding OMX ...
... no UTF-8 mapping file for font encoding OMX
Now handling font encoding U ...
... no UTF-8 mapping file for font encoding U
   defining Unicode char U+00A9 (decimal 169)
   defining Unicode char U+00AA (decimal 170)
   defining Unicode char U+00AE (decimal 174)
   defining Unicode char U+00BA (decimal 186)
   defining Unicode char U+02C6 (decimal 710)
   defining Unicode char U+02DC (decimal 732)
   defining Unicode char U+200C (decimal 8204)
   defining Unicode char U+2026 (decimal 8230)
   defining Unicode char U+2122 (decimal 8482)
   defining Unicode char U+2423 (decimal 9251)
)) (c:/texlive/2014/texmf-dist/tex/latex/pgf/frontendlayer/tikz.sty (c:/texlive
/2014/texmf-dist/tex/latex/pgf/basiclayer/pgf.sty (c:/texlive/2014/texmf-dist/t
ex/latex/pgf/utilities/pgfrcs.sty (c:/texlive/2014/texmf-dist/tex/generic/pgf/u
tilities/pgfutil-common.tex
\pgfutil@everybye=\toks16
\pgfutil@tempdima=\dimen103
\pgfutil@tempdimb=\dimen104
(c:/texlive/2014/texmf-dist/tex/generic/pgf/utilities/pgfutil-common-lists.tex)
) (c:/texlive/2014/texmf-dist/tex/generic/pgf/utilities/pgfutil-latex.def
\pgfutil@abb=\box26
(c:/texlive/2014/texmf-dist/tex/latex/ms/everyshi.sty
Package: everyshi 2001/05/15 v3.00 EveryShipout Package (MS)
)) (c:/texlive/2014/texmf-dist/tex/generic/pgf/utilities/pgfrcs.code.tex
Package: pgfrcs 2013/12/20 v3.0.0 (rcs-revision 1.28)
))
Package: pgf 2013/12/18 v3.0.0 (rcs-revision 1.14)
(c:/texlive/2014/texmf-dist/tex/latex/pgf/basiclayer/pgfcore.sty (c:/texlive/20
14/texmf-dist/tex/latex/graphics/graphicx.sty
Package: graphicx 2014/10/28 v1.0g Enhanced LaTeX Graphics (DPC,SPQR)
(c:/texlive/2014/texmf-dist/tex/latex/graphics/keyval.sty
Package: keyval 2014/10/28 v1.15 key=value parser (DPC)
\KV@toks@=\toks17
) (c:/texlive/2014/texmf-dist/tex/latex/graphics/graphics.sty
Package: graphics 2014/10/28 v1.0p Standard LaTeX Graphics (DPC,SPQR)
(c:/texlive/2014/texmf-dist/tex/latex/graphics/trig.sty
Package: trig 1999/03/16 v1.09 sin cos tan (DPC)
) (c:/texlive/2014/texmf-dist/tex/latex/latexconfig/graphics.cfg
File: graphics.cfg 2010/04/23 v1.9 graphics configuration of TeX Live
)
Package graphics Info: Driver file: pdftex.def on input line 91.
(c:/texlive/2014/texmf-dist/tex/latex/pdftex-def/pdftex.def
File: pdftex.def 2011/05/27 v0.06d Graphics/color for pdfTeX
(c:/texlive/2014/texmf-dist/tex/generic/oberdiek/infwarerr.sty
Package: infwarerr 2010/04/08 v1.3 Providing info/warning/error messages (HO)
) (c:/texlive/2014/texmf-dist/tex/generic/oberdiek/ltxcmds.sty
Package: ltxcmds 2011/11/09 v1.22 LaTeX kernel commands for general use (HO)
)
\Gread@gobject=\count87
))
\Gin@req@height=\dimen105
\Gin@req@width=\dimen106
) (c:/texlive/2014/texmf-dist/tex/latex/pgf/systemlayer/pgfsys.sty (c:/texlive/
2014/texmf-dist/tex/generic/pgf/systemlayer/pgfsys.code.tex
Package: pgfsys 2013/11/30 v3.0.0 (rcs-revision 1.47)
(c:/texlive/2014/texmf-dist/tex/generic/pgf/utilities/pgfkeys.code.tex
\pgfkeys@pathtoks=\toks18
\pgfkeys@temptoks=\toks19
(c:/texlive/2014/texmf-dist/tex/generic/pgf/utilities/pgfkeysfiltered.code.tex
\pgfkeys@tmptoks=\toks20
))
\pgf@x=\dimen107
\pgf@y=\dimen108
\pgf@xa=\dimen109
\pgf@ya=\dimen110
\pgf@xb=\dimen111
\pgf@yb=\dimen112
\pgf@xc=\dimen113
\pgf@yc=\dimen114
\w@pgf@writea=\write3
\r@pgf@reada=\read1
\c@pgf@counta=\count88
\c@pgf@countb=\count89
\c@pgf@countc=\count90
\c@pgf@countd=\count91
\t@pgf@toka=\toks21
\t@pgf@tokb=\toks22
\t@pgf@tokc=\toks23
(c:/texlive/2014/texmf-dist/tex/generic/pgf/systemlayer/pgf.cfg
File: pgf.cfg 2008/05/14  (rcs-revision 1.7)
)
Driver file for pgf: pgfsys-pdftex.def
(c:/texlive/2014/texmf-dist/tex/generic/pgf/systemlayer/pgfsys-pdftex.def
File: pgfsys-pdftex.def 2013/07/18  (rcs-revision 1.33)
(c:/texlive/2014/texmf-dist/tex/generic/pgf/systemlayer/pgfsys-common-pdf.def
File: pgfsys-common-pdf.def 2013/10/10  (rcs-revision 1.13)
)))
(c:/texlive/2014/texmf-dist/tex/generic/pgf/systemlayer/pgfsyssoftpath.code.tex
File: pgfsyssoftpath.code.tex 2013/09/09  (rcs-revision 1.9)
\pgfsyssoftpath@smallbuffer@items=\count92
\pgfsyssoftpath@bigbuffer@items=\count93
)
(c:/texlive/2014/texmf-dist/tex/generic/pgf/systemlayer/pgfsysprotocol.code.tex
File: pgfsysprotocol.code.tex 2006/10/16  (rcs-revision 1.4)
)) (c:/texlive/2014/texmf-dist/tex/latex/xcolor/xcolor.sty
Package: xcolor 2007/01/21 v2.11 LaTeX color extensions (UK)
(c:/texlive/2014/texmf-dist/tex/latex/latexconfig/color.cfg
File: color.cfg 2007/01/18 v1.5 color configuration of teTeX/TeXLive
)
Package xcolor Info: Driver file: pdftex.def on input line 225.
Package xcolor Info: Model `cmy' substituted by `cmy0' on input line 1337.
Package xcolor Info: Model `hsb' substituted by `rgb' on input line 1341.
Package xcolor Info: Model `RGB' extended on input line 1353.
Package xcolor Info: Model `HTML' substituted by `rgb' on input line 1355.
Package xcolor Info: Model `Hsb' substituted by `hsb' on input line 1356.
Package xcolor Info: Model `tHsb' substituted by `hsb' on input line 1357.
Package xcolor Info: Model `HSB' substituted by `hsb' on input line 1358.
Package xcolor Info: Model `Gray' substituted by `gray' on input line 1359.
Package xcolor Info: Model `wave' substituted by `hsb' on input line 1360.
) (c:/texlive/2014/texmf-dist/tex/generic/pgf/basiclayer/pgfcore.code.tex
Package: pgfcore 2010/04/11 v3.0.0 (rcs-revision 1.7)
(c:/texlive/2014/texmf-dist/tex/generic/pgf/math/pgfmath.code.tex (c:/texlive/2
014/texmf-dist/tex/generic/pgf/math/pgfmathcalc.code.tex (c:/texlive/2014/texmf
-dist/tex/generic/pgf/math/pgfmathutil.code.tex) (c:/texlive/2014/texmf-dist/te
x/generic/pgf/math/pgfmathparser.code.tex
\pgfmath@dimen=\dimen115
\pgfmath@count=\count94
\pgfmath@box=\box27
\pgfmath@toks=\toks24
\pgfmath@stack@operand=\toks25
\pgfmath@stack@operation=\toks26
) (c:/texlive/2014/texmf-dist/tex/generic/pgf/math/pgfmathfunctions.code.tex
(c:/texlive/2014/texmf-dist/tex/generic/pgf/math/pgfmathfunctions.basic.code.te
x)
(c:/texlive/2014/texmf-dist/tex/generic/pgf/math/pgfmathfunctions.trigonometric
.code.tex)
(c:/texlive/2014/texmf-dist/tex/generic/pgf/math/pgfmathfunctions.random.code.t
ex)
(c:/texlive/2014/texmf-dist/tex/generic/pgf/math/pgfmathfunctions.comparison.co
de.tex)
(c:/texlive/2014/texmf-dist/tex/generic/pgf/math/pgfmathfunctions.base.code.tex
)
(c:/texlive/2014/texmf-dist/tex/generic/pgf/math/pgfmathfunctions.round.code.te
x)
(c:/texlive/2014/texmf-dist/tex/generic/pgf/math/pgfmathfunctions.misc.code.tex
)
(c:/texlive/2014/texmf-dist/tex/generic/pgf/math/pgfmathfunctions.integerarithm
etics.code.tex))) (c:/texlive/2014/texmf-dist/tex/generic/pgf/math/pgfmathfloat
.code.tex
\c@pgfmathroundto@lastzeros=\count95
)) (c:/texlive/2014/texmf-dist/tex/generic/pgf/basiclayer/pgfcorepoints.code.te
x
File: pgfcorepoints.code.tex 2013/10/07  (rcs-revision 1.27)
\pgf@picminx=\dimen116
\pgf@picmaxx=\dimen117
\pgf@picminy=\dimen118
\pgf@picmaxy=\dimen119
\pgf@pathminx=\dimen120
\pgf@pathmaxx=\dimen121
\pgf@pathminy=\dimen122
\pgf@pathmaxy=\dimen123
\pgf@xx=\dimen124
\pgf@xy=\dimen125
\pgf@yx=\dimen126
\pgf@yy=\dimen127
\pgf@zx=\dimen128
\pgf@zy=\dimen129
)
(c:/texlive/2014/texmf-dist/tex/generic/pgf/basiclayer/pgfcorepathconstruct.cod
e.tex
File: pgfcorepathconstruct.code.tex 2013/10/07  (rcs-revision 1.29)
\pgf@path@lastx=\dimen130
\pgf@path@lasty=\dimen131
)
(c:/texlive/2014/texmf-dist/tex/generic/pgf/basiclayer/pgfcorepathusage.code.te
x
File: pgfcorepathusage.code.tex 2013/12/13  (rcs-revision 1.23)
\pgf@shorten@end@additional=\dimen132
\pgf@shorten@start@additional=\dimen133
) (c:/texlive/2014/texmf-dist/tex/generic/pgf/basiclayer/pgfcorescopes.code.tex
File: pgfcorescopes.code.tex 2013/10/09  (rcs-revision 1.44)
\pgfpic=\box28
\pgf@hbox=\box29
\pgf@layerbox@main=\box30
\pgf@picture@serial@count=\count96
)
(c:/texlive/2014/texmf-dist/tex/generic/pgf/basiclayer/pgfcoregraphicstate.code
.tex
File: pgfcoregraphicstate.code.tex 2013/09/19  (rcs-revision 1.11)
\pgflinewidth=\dimen134
)
(c:/texlive/2014/texmf-dist/tex/generic/pgf/basiclayer/pgfcoretransformations.c
ode.tex
File: pgfcoretransformations.code.tex 2013/10/10  (rcs-revision 1.17)
\pgf@pt@x=\dimen135
\pgf@pt@y=\dimen136
\pgf@pt@temp=\dimen137
) (c:/texlive/2014/texmf-dist/tex/generic/pgf/basiclayer/pgfcorequick.code.tex
File: pgfcorequick.code.tex 2008/10/09  (rcs-revision 1.3)
) (c:/texlive/2014/texmf-dist/tex/generic/pgf/basiclayer/pgfcoreobjects.code.te
x
File: pgfcoreobjects.code.tex 2006/10/11  (rcs-revision 1.2)
)
(c:/texlive/2014/texmf-dist/tex/generic/pgf/basiclayer/pgfcorepathprocessing.co
de.tex
File: pgfcorepathprocessing.code.tex 2013/09/09  (rcs-revision 1.9)
) (c:/texlive/2014/texmf-dist/tex/generic/pgf/basiclayer/pgfcorearrows.code.tex
File: pgfcorearrows.code.tex 2013/11/07  (rcs-revision 1.40)
\pgfarrowsep=\dimen138
) (c:/texlive/2014/texmf-dist/tex/generic/pgf/basiclayer/pgfcoreshade.code.tex
File: pgfcoreshade.code.tex 2013/07/15  (rcs-revision 1.15)
\pgf@max=\dimen139
\pgf@sys@shading@range@num=\count97
) (c:/texlive/2014/texmf-dist/tex/generic/pgf/basiclayer/pgfcoreimage.code.tex
File: pgfcoreimage.code.tex 2013/07/15  (rcs-revision 1.18)

(c:/texlive/2014/texmf-dist/tex/generic/pgf/basiclayer/pgfcoreexternal.code.tex
File: pgfcoreexternal.code.tex 2013/07/15  (rcs-revision 1.20)
\pgfexternal@startupbox=\box31
)) (c:/texlive/2014/texmf-dist/tex/generic/pgf/basiclayer/pgfcorelayers.code.te
x
File: pgfcorelayers.code.tex 2013/07/18  (rcs-revision 1.7)
)
(c:/texlive/2014/texmf-dist/tex/generic/pgf/basiclayer/pgfcoretransparency.code
.tex
File: pgfcoretransparency.code.tex 2013/09/30  (rcs-revision 1.5)
)
(c:/texlive/2014/texmf-dist/tex/generic/pgf/basiclayer/pgfcorepatterns.code.tex
File: pgfcorepatterns.code.tex 2013/11/07  (rcs-revision 1.5)
))) (c:/texlive/2014/texmf-dist/tex/generic/pgf/modules/pgfmoduleshapes.code.te
x
File: pgfmoduleshapes.code.tex 2013/10/31  (rcs-revision 1.34)
\pgfnodeparttextbox=\box32
) (c:/texlive/2014/texmf-dist/tex/generic/pgf/modules/pgfmoduleplot.code.tex
File: pgfmoduleplot.code.tex 2013/07/31  (rcs-revision 1.12)
)
(c:/texlive/2014/texmf-dist/tex/latex/pgf/compatibility/pgfcomp-version-0-65.st
y
Package: pgfcomp-version-0-65 2007/07/03 v3.0.0 (rcs-revision 1.7)
\pgf@nodesepstart=\dimen140
\pgf@nodesepend=\dimen141
)
(c:/texlive/2014/texmf-dist/tex/latex/pgf/compatibility/pgfcomp-version-1-18.st
y
Package: pgfcomp-version-1-18 2007/07/23 v3.0.0 (rcs-revision 1.1)
)) (c:/texlive/2014/texmf-dist/tex/latex/pgf/utilities/pgffor.sty (c:/texlive/2
014/texmf-dist/tex/latex/pgf/utilities/pgfkeys.sty (c:/texlive/2014/texmf-dist/
tex/generic/pgf/utilities/pgfkeys.code.tex)) (c:/texlive/2014/texmf-dist/tex/la
tex/pgf/math/pgfmath.sty (c:/texlive/2014/texmf-dist/tex/generic/pgf/math/pgfma
th.code.tex)) (c:/texlive/2014/texmf-dist/tex/generic/pgf/utilities/pgffor.code
.tex
Package: pgffor 2013/12/13 v3.0.0 (rcs-revision 1.25)
(c:/texlive/2014/texmf-dist/tex/generic/pgf/math/pgfmath.code.tex)
\pgffor@iter=\dimen142
\pgffor@skip=\dimen143
\pgffor@stack=\toks27
\pgffor@toks=\toks28
)) (c:/texlive/2014/texmf-dist/tex/generic/pgf/frontendlayer/tikz/tikz.code.tex
Package: tikz 2013/12/13 v3.0.0 (rcs-revision 1.142)

(c:/texlive/2014/texmf-dist/tex/generic/pgf/libraries/pgflibraryplothandlers.co
de.tex
File: pgflibraryplothandlers.code.tex 2013/08/31 v3.0.0 (rcs-revision 1.20)
\pgf@plot@mark@count=\count98
\pgfplotmarksize=\dimen144
)
\tikz@lastx=\dimen145
\tikz@lasty=\dimen146
\tikz@lastxsaved=\dimen147
\tikz@lastysaved=\dimen148
\tikzleveldistance=\dimen149
\tikzsiblingdistance=\dimen150
\tikz@figbox=\box33
\tikz@figbox@bg=\box34
\tikz@tempbox=\box35
\tikz@tempbox@bg=\box36
\tikztreelevel=\count99
\tikznumberofchildren=\count100
\tikznumberofcurrentchild=\count101
\tikz@fig@count=\count102
(c:/texlive/2014/texmf-dist/tex/generic/pgf/modules/pgfmodulematrix.code.tex
File: pgfmodulematrix.code.tex 2013/09/17  (rcs-revision 1.8)
\pgfmatrixcurrentrow=\count103
\pgfmatrixcurrentcolumn=\count104
\pgf@matrix@numberofcolumns=\count105
)
\tikz@expandcount=\count106

(c:/texlive/2014/texmf-dist/tex/generic/pgf/frontendlayer/tikz/libraries/tikzli
brarytopaths.code.tex
File: tikzlibrarytopaths.code.tex 2008/06/17 v3.0.0 (rcs-revision 1.2)
))) (c:/texlive/2014/texmf-dist/tex/latex/listings/listings.sty
\lst@mode=\count107
\lst@gtempboxa=\box37
\lst@token=\toks29
\lst@length=\count108
\lst@currlwidth=\dimen151
\lst@column=\count109
\lst@pos=\count110
\lst@lostspace=\dimen152
\lst@width=\dimen153
\lst@newlines=\count111
\lst@lineno=\count112
\lst@maxwidth=\dimen154
(c:/texlive/2014/texmf-dist/tex/latex/listings/lstmisc.sty
File: lstmisc.sty 2014/09/06 1.5e (Carsten Heinz)
\c@lstnumber=\count113
\lst@skipnumbers=\count114
\lst@framebox=\box38
) (c:/texlive/2014/texmf-dist/tex/latex/listings/listings.cfg
File: listings.cfg 2014/09/06 1.5e listings configuration
))
Package: listings 2014/09/06 1.5e (Carsten Heinz)
(c:/texlive/2014/texmf-dist/tex/latex/tools/layout.sty
Package: layout 2014/10/28 v1.2c Show layout parameters
\oneinch=\count115
\cnt@paperwidth=\count116
\cnt@paperheight=\count117
\cnt@hoffset=\count118
\cnt@voffset=\count119
\cnt@textheight=\count120
\cnt@textwidth=\count121
\cnt@topmargin=\count122
\cnt@oddsidemargin=\count123
\cnt@evensidemargin=\count124
\cnt@headheight=\count125
\cnt@headsep=\count126
\cnt@marginparsep=\count127
\cnt@marginparwidth=\count128
\cnt@marginparpush=\count129
\cnt@footskip=\count130
\fheight=\count131
\ref@top=\count132
\ref@hoffset=\count133
\ref@voffset=\count134
\ref@head=\count135
\ref@body=\count136
\ref@foot=\count137
\ref@margin=\count138
\ref@marginwidth=\count139
\ref@marginpar=\count140
\Interval=\count141
\ExtraYPos=\count142
\PositionX=\count143
\PositionY=\count144
\ArrowLength=\count145
) (c:/texlive/2014/texmf-dist/tex/latex/oberdiek/pdflscape.sty
Package: pdflscape 2008/08/11 v0.10 Display of landscape pages in PDF (HO)
(c:/texlive/2014/texmf-dist/tex/latex/graphics/lscape.sty
Package: lscape 2000/10/22 v3.01 Landscape Pages (DPC)
) (c:/texlive/2014/texmf-dist/tex/generic/oberdiek/ifpdf.sty
Package: ifpdf 2011/01/30 v2.3 Provides the ifpdf switch (HO)
Package ifpdf Info: pdfTeX in PDF mode is detected.
) (c:/texlive/2014/texmf-dist/tex/generic/ifxetex/ifxetex.sty
Package: ifxetex 2010/09/12 v0.6 Provides ifxetex conditional
)) (c:/texlive/2014/texmf-dist/tex/latex/hyperref/hyperref.sty
Package: hyperref 2012/11/06 v6.83m Hypertext links for LaTeX
(c:/texlive/2014/texmf-dist/tex/generic/oberdiek/hobsub-hyperref.sty
Package: hobsub-hyperref 2012/05/28 v1.13 Bundle oberdiek, subset hyperref (HO)

(c:/texlive/2014/texmf-dist/tex/generic/oberdiek/hobsub-generic.sty
Package: hobsub-generic 2012/05/28 v1.13 Bundle oberdiek, subset generic (HO)
Package: hobsub 2012/05/28 v1.13 Construct package bundles (HO)
Package hobsub Info: Skipping package `infwarerr' (already loaded).
Package hobsub Info: Skipping package `ltxcmds' (already loaded).
Package: ifluatex 2010/03/01 v1.3 Provides the ifluatex switch (HO)
Package ifluatex Info: LuaTeX not detected.
Package: ifvtex 2010/03/01 v1.5 Detect VTeX and its facilities (HO)
Package ifvtex Info: VTeX not detected.
Package: intcalc 2007/09/27 v1.1 Expandable calculations with integers (HO)
Package hobsub Info: Skipping package `ifpdf' (already loaded).
Package: etexcmds 2011/02/16 v1.5 Avoid name clashes with e-TeX commands (HO)
Package etexcmds Info: Could not find \expanded.
(etexcmds)             That can mean that you are not using pdfTeX 1.50 or
(etexcmds)             that some package has redefined \expanded.
(etexcmds)             In the latter case, load this package earlier.
Package: kvsetkeys 2012/04/25 v1.16 Key value parser (HO)
Package: kvdefinekeys 2011/04/07 v1.3 Define keys (HO)
Package: pdftexcmds 2011/11/29 v0.20 Utility functions of pdfTeX for LuaTeX (HO
)
Package pdftexcmds Info: LuaTeX not detected.
Package pdftexcmds Info: \pdf@primitive is available.
Package pdftexcmds Info: \pdf@ifprimitive is available.
Package pdftexcmds Info: \pdfdraftmode found.
Package: pdfescape 2011/11/25 v1.13 Implements pdfTeX's escape features (HO)
Package: bigintcalc 2012/04/08 v1.3 Expandable calculations on big integers (HO
)
Package: bitset 2011/01/30 v1.1 Handle bit-vector datatype (HO)
Package: uniquecounter 2011/01/30 v1.2 Provide unlimited unique counter (HO)
)
Package hobsub Info: Skipping package `hobsub' (already loaded).
Package: letltxmacro 2010/09/02 v1.4 Let assignment for LaTeX macros (HO)
Package: hopatch 2012/05/28 v1.2 Wrapper for package hooks (HO)
Package: xcolor-patch 2011/01/30 xcolor patch
Package: atveryend 2011/06/30 v1.8 Hooks at the very end of document (HO)
Package atveryend Info: \enddocument detected (standard20110627).
Package: atbegshi 2011/10/05 v1.16 At begin shipout hook (HO)
Package: refcount 2011/10/16 v3.4 Data extraction from label references (HO)
Package: hycolor 2011/01/30 v1.7 Color options for hyperref/bookmark (HO)
) (c:/texlive/2014/texmf-dist/tex/latex/oberdiek/auxhook.sty
Package: auxhook 2011/03/04 v1.3 Hooks for auxiliary files (HO)
) (c:/texlive/2014/texmf-dist/tex/latex/oberdiek/kvoptions.sty
Package: kvoptions 2011/06/30 v3.11 Key value format for package options (HO)
)
\@linkdim=\dimen155
\Hy@linkcounter=\count146
\Hy@pagecounter=\count147
(c:/texlive/2014/texmf-dist/tex/latex/hyperref/pd1enc.def
File: pd1enc.def 2012/11/06 v6.83m Hyperref: PDFDocEncoding definition (HO)
Now handling font encoding PD1 ...
... no UTF-8 mapping file for font encoding PD1
)
\Hy@SavedSpaceFactor=\count148
(c:/texlive/2014/texmf-dist/tex/latex/latexconfig/hyperref.cfg
File: hyperref.cfg 2002/06/06 v1.2 hyperref configuration of TeXLive
)
Package hyperref Info: Hyper figures OFF on input line 4443.
Package hyperref Info: Link nesting OFF on input line 4448.
Package hyperref Info: Hyper index ON on input line 4451.
Package hyperref Info: Plain pages OFF on input line 4458.
Package hyperref Info: Backreferencing OFF on input line 4463.
Package hyperref Info: Implicit mode ON; LaTeX internals redefined.
Package hyperref Info: Bookmarks ON on input line 4688.
\c@Hy@tempcnt=\count149
(c:/texlive/2014/texmf-dist/tex/latex/url/url.sty
\Urlmuskip=\muskip10
Package: url 2013/09/16  ver 3.4  Verb mode for urls, etc.
)
LaTeX Info: Redefining \url on input line 5041.
\XeTeXLinkMargin=\dimen156
\Fld@menulength=\count150
\Field@Width=\dimen157
\Fld@charsize=\dimen158
Package hyperref Info: Hyper figures OFF on input line 6295.
Package hyperref Info: Link nesting OFF on input line 6300.
Package hyperref Info: Hyper index ON on input line 6303.
Package hyperref Info: backreferencing OFF on input line 6310.
Package hyperref Info: Link coloring OFF on input line 6315.
Package hyperref Info: Link coloring with OCG OFF on input line 6320.
Package hyperref Info: PDF/A mode OFF on input line 6325.
LaTeX Info: Redefining \ref on input line 6365.
LaTeX Info: Redefining \pageref on input line 6369.
\Hy@abspage=\count151
\c@Item=\count152
\c@Hfootnote=\count153
)

Package hyperref Message: Driver: hpdftex.

(c:/texlive/2014/texmf-dist/tex/latex/hyperref/hpdftex.def
File: hpdftex.def 2012/11/06 v6.83m Hyperref driver for pdfTeX
\Fld@listcount=\count154
\c@bookmark@seq@number=\count155
(c:/texlive/2014/texmf-dist/tex/latex/oberdiek/rerunfilecheck.sty
Package: rerunfilecheck 2011/04/15 v1.7 Rerun checks for auxiliary files (HO)
Package uniquecounter Info: New unique counter `rerunfilecheck' on input line 2
82.
)
\Hy@SectionHShift=\skip43
) (c:/texlive/2014/texmf-dist/tex/latex/appendix/appendix.sty
Package: appendix 2009/09/02 v1.2b extra appendix facilities
\c@@pps=\count156
\c@@ppsavesec=\count157
\c@@ppsaveapp=\count158
) (c:/texlive/2014/texmf-dist/tex/latex/pdfpages/pdfpages.sty
Package: pdfpages 2013/08/25 v0.4v Insert pages of external PDF documents (AM)
(c:/texlive/2014/texmf-dist/tex/latex/base/ifthen.sty
Package: ifthen 2014/09/29 v1.1c Standard LaTeX ifthen package (DPC)
) (c:/texlive/2014/texmf-dist/tex/latex/tools/calc.sty
Package: calc 2014/10/28 v4.3 Infix arithmetic (KKT,FJ)
\calc@Acount=\count159
\calc@Bcount=\count160
\calc@Adimen=\dimen159
\calc@Bdimen=\dimen160
\calc@Askip=\skip44
\calc@Bskip=\skip45
LaTeX Info: Redefining \setlength on input line 75.
LaTeX Info: Redefining \addtolength on input line 76.
\calc@Ccount=\count161
\calc@Cskip=\skip46
) (c:/texlive/2014/texmf-dist/tex/latex/eso-pic/eso-pic.sty
Package: eso-pic 2013/10/06 v2.0d eso-pic (RN)
) (c:/texlive/2014/texmf-dist/tex/latex/pdfpages/pppdftex.def
File: pppdftex.def 2013/08/25 v0.4v Pdfpages driver for pdfTeX (AM)
)
\AM@pagebox=\box39
\AM@toc@title=\toks30
\c@AM@survey=\count162
\AM@templatesizebox=\box40
)
Package hyperref Info: Option `colorlinks' set `true' on input line 14.
(c:/texlive/2014/texmf-dist/tex/latex/listings/lstlang1.sty
File: lstlang1.sty 2014/09/06 1.5e listings language file
) (c:/texlive/2014/texmf-dist/tex/latex/listings/lstmisc.sty
File: lstmisc.sty 2014/09/06 1.5e (Carsten Heinz)
)
(C:\Users\David\Dropbox\Mission-Control\Documents\portfolio/capstonePortfolio.a
ux (C:\Users\David\Dropbox\Mission-Control\Documents\portfolio/./designDoc.aux)

LaTeX Warning: Label `fig:arduinoplatform' multiply defined.

)
\openout1 = `capstonePortfolio.aux'.

LaTeX Font Info:    Checking defaults for OML/cmm/m/it on input line 43.
LaTeX Font Info:    ... okay on input line 43.
LaTeX Font Info:    Checking defaults for T1/cmr/m/n on input line 43.
LaTeX Font Info:    ... okay on input line 43.
LaTeX Font Info:    Checking defaults for OT1/cmr/m/n on input line 43.
LaTeX Font Info:    ... okay on input line 43.
LaTeX Font Info:    Checking defaults for OMS/cmsy/m/n on input line 43.
LaTeX Font Info:    ... okay on input line 43.
LaTeX Font Info:    Checking defaults for OMX/cmex/m/n on input line 43.
LaTeX Font Info:    ... okay on input line 43.
LaTeX Font Info:    Checking defaults for U/cmr/m/n on input line 43.
LaTeX Font Info:    ... okay on input line 43.
LaTeX Font Info:    Checking defaults for PD1/pdf/m/n on input line 43.
LaTeX Font Info:    ... okay on input line 43.
ABD: EveryShipout initializing macros (c:/texlive/2014/texmf-dist/tex/context/b
ase/supp-pdf.mkii
[Loading MPS to PDF converter (version 2006.09.02).]
\scratchcounter=\count163
\scratchdimen=\dimen161
\scratchbox=\box41
\nofMPsegments=\count164
\nofMParguments=\count165
\everyMPshowfont=\toks31
\MPscratchCnt=\count166
\MPscratchDim=\dimen162
\MPnumerator=\count167
\makeMPintoPDFobject=\count168
\everyMPtoPDFconversion=\toks32
) (c:/texlive/2014/texmf-dist/tex/latex/oberdiek/epstopdf-base.sty
Package: epstopdf-base 2010/02/09 v2.5 Base part for package epstopdf
(c:/texlive/2014/texmf-dist/tex/latex/oberdiek/grfext.sty
Package: grfext 2010/08/19 v1.1 Manage graphics extensions (HO)
)
Package grfext Info: Graphics extension search list:
(grfext)             [.pdf,.png,.jpg,.eps]
(grfext)             \AppendGraphicsExtensions on input line 452.
(c:/texlive/2014/texmf-dist/tex/latex/latexconfig/epstopdf-sys.cfg
File: epstopdf-sys.cfg 2010/07/13 v1.3 Configuration of (r)epstopdf for TeX Liv
e
))
\c@lstlisting=\count169
\AtBeginShipoutBox=\box42
Package hyperref Info: Link coloring ON on input line 43.
(c:/texlive/2014/texmf-dist/tex/latex/hyperref/nameref.sty
Package: nameref 2012/10/27 v2.43 Cross-referencing by name of section
(c:/texlive/2014/texmf-dist/tex/generic/oberdiek/gettitlestring.sty
Package: gettitlestring 2010/12/03 v1.4 Cleanup title references (HO)
)
\c@section@level=\count170
)
LaTeX Info: Redefining \ref on input line 43.
LaTeX Info: Redefining \pageref on input line 43.
LaTeX Info: Redefining \nameref on input line 43.

(C:\Users\David\Dropbox\Mission-Control\Documents\portfolio/capstonePortfolio.o
ut)
(C:\Users\David\Dropbox\Mission-Control\Documents\portfolio/capstonePortfolio.o
ut)
\@outlinefile=\write4
\openout4 = `capstonePortfolio.out'.

(C:\Users\David\Dropbox\Mission-Control\Documents\portfolio/./title.tex <./icon
s/04UI_Seal-Black.jpg, id=175, 397.485pt x 397.485pt>
File: ./icons/04UI_Seal-Black.jpg Graphic file (type jpg)
<use ./icons/04UI_Seal-Black.jpg>
Package pdftex.def Info: ./icons/04UI_Seal-Black.jpg used on input line 7.
(pdftex.def)             Requested size: 70.19714pt x 70.19775pt.
LaTeX Font Info:    External font `cmex10' loaded for size
(Font)              <10.95> on input line 30.
LaTeX Font Info:    External font `cmex10' loaded for size
(Font)              <8> on input line 30.
LaTeX Font Info:    External font `cmex10' loaded for size
(Font)              <6> on input line 30.
[1

{c:/texlive/2014/texmf-var/fonts/map/pdftex/updmap/pdftex.map} <./icons/04UI_Se
al-Black.jpg>])pdfTeX warning (ext4): destination with the same identifier (nam
e{page.}) has been already used, duplicate ignored
<to be read again> 
                   \relax 
l.50 \end{titlepage}
                     [1]
(C:\Users\David\Dropbox\Mission-Control\Documents\portfolio/capstonePortfolio.t
ocpdfTeX warning (ext4): destination with the same identifier (name{page.}) has
 been already used, duplicate ignored
<to be read again> 
                   \relax 
l.38 ...User Interface Design}{36}{subsection.7.4}
                                                   [1]
LaTeX Font Info:    Try loading font information for OMS+cmr on input line 41.
(c:/texlive/2014/texmf-dist/tex/latex/base/omscmr.fd
File: omscmr.fd 2014/09/29 v2.5h Standard LaTeX font definitions
)
LaTeX Font Info:    Font shape `OMS/cmr/bx/n' in size <8> not available
(Font)              Font shape `OMS/cmsy/b/n' tried instead on input line 41.
)
\tf@toc=\write5
\openout5 = `capstonePortfolio.toc'.


(C:\Users\David\Dropbox\Mission-Control\Documents\portfolio/capstonePortfolio.l
of)
\tf@lof=\write6
\openout6 = `capstonePortfolio.lof'.


(C:\Users\David\Dropbox\Mission-Control\Documents\portfolio/capstonePortfolio.l
ot)
\tf@lot=\write7
\openout7 = `capstonePortfolio.lot'.

pdfTeX warning (ext4): destination with the same identifier (name{page.}) has b
een already used, duplicate ignored
<to be read again> 
                   \relax 
l.56 \clearpage
                [2]
Overfull \hbox (4.10146pt too wide) in paragraph at lines 67--68
[]\OT1/cmr/m/n/10.95 thom5468@vandals.uidaho.edu| 
 []


Underfull \hbox (badness 10000) in paragraph at lines 79--80

 []

LaTeX Font Info:    Font shape `OMS/cmr/m/n' in size <8> not available
(Font)              Font shape `OMS/cmsy/m/n' tried instead on input line 81.
[1

]
(C:\Users\David\Dropbox\Mission-Control\Documents\portfolio/./initialClientInte
rview.tex
LaTeX Font Info:    Font shape `OMS/cmr/m/n' in size <10.95> not available
(Font)              Font shape `OMS/cmsy/m/n' tried instead on input line 21.
) [2

] [3

] [4] [5] [6

] [7] [8] [9]
Underfull \hbox (badness 10000) in paragraph at lines 494--496

 []

[10

] [11] [12

] [13]
(C:\Users\David\Dropbox\Mission-Control\Documents\portfolio/./Supplementary_aut
opilot.c
LaTeX Font Info:    Font shape `OMS/cmr/m/it' in size <10.95> not available
(Font)              Font shape `OMS/cmsy/m/n' tried instead on input line 1.
LaTeX Font Info:    Try loading font information for OML+cmr on input line 21.
(c:/texlive/2014/texmf-dist/tex/latex/base/omlcmr.fd
File: omlcmr.fd 2014/09/29 v2.5h Standard LaTeX font definitions
)
LaTeX Font Info:    Font shape `OML/cmr/m/n' in size <10.95> not available
(Font)              Font shape `OML/cmm/m/it' tried instead on input line 21.
[14

] [15] [16] [17] [18] [19] [20] [21]) [22] <./additionalPDF/designReview_revise
d.pdf, id=702, 722.7pt x 542.025pt>
File: ./additionalPDF/designReview_revised.pdf Graphic file (type pdf)
<use ./additionalPDF/designReview_revised.pdf>
Package pdftex.def Info: ./additionalPDF/designReview_revised.pdf used on input
 line 592.
(pdftex.def)             Requested size: 722.69823pt x 542.02367pt.
File: ./additionalPDF/designReview_revised.pdf Graphic file (type pdf)
<use ./additionalPDF/designReview_revised.pdf>
Package pdftex.def Info: ./additionalPDF/designReview_revised.pdf used on input
 line 592.
(pdftex.def)             Requested size: 722.69823pt x 542.02367pt.
[23

]
<./additionalPDF/designReview_revised.pdf, id=709, page=1, 722.7pt x 542.025pt>
File: ./additionalPDF/designReview_revised.pdf Graphic file (type pdf)
<use ./additionalPDF/designReview_revised.pdf, page 1>
Package pdftex.def Info: ./additionalPDF/designReview_revised.pdf, page1 used o
n input line 592.
(pdftex.def)             Requested size: 468.0pt x 350.99704pt.
File: ./additionalPDF/designReview_revised.pdf Graphic file (type pdf)
<use ./additionalPDF/designReview_revised.pdf, page 1>
Package pdftex.def Info: ./additionalPDF/designReview_revised.pdf, page1 used o
n input line 592.
(pdftex.def)             Requested size: 948.60757pt x 711.45567pt.
File: ./additionalPDF/designReview_revised.pdf Graphic file (type pdf)
<use ./additionalPDF/designReview_revised.pdf, page 1>
Package pdftex.def Info: ./additionalPDF/designReview_revised.pdf, page1 used o
n input line 592.
(pdftex.def)             Requested size: 948.60757pt x 711.45567pt.
File: ./additionalPDF/designReview_revised.pdf Graphic file (type pdf)
<use ./additionalPDF/designReview_revised.pdf, page 1>
Package pdftex.def Info: ./additionalPDF/designReview_revised.pdf, page1 used o
n input line 592.
(pdftex.def)             Requested size: 948.60757pt x 711.45567pt.
File: ./additionalPDF/designReview_revised.pdf Graphic file (type pdf)
<use ./additionalPDF/designReview_revised.pdf, page 1>
Package pdftex.def Info: ./additionalPDF/designReview_revised.pdf, page1 used o
n input line 592.
(pdftex.def)             Requested size: 948.60757pt x 711.45567pt.
[24 <./additionalPDF/designReview_revised.pdf>]
<./additionalPDF/designReview_revised.pdf, id=1050, page=2, 722.7pt x 542.025pt
>
File: ./additionalPDF/designReview_revised.pdf Graphic file (type pdf)
<use ./additionalPDF/designReview_revised.pdf, page 2>
Package pdftex.def Info: ./additionalPDF/designReview_revised.pdf, page2 used o
n input line 592.
(pdftex.def)             Requested size: 948.60757pt x 711.45567pt.
File: ./additionalPDF/designReview_revised.pdf Graphic file (type pdf)
<use ./additionalPDF/designReview_revised.pdf, page 2>
Package pdftex.def Info: ./additionalPDF/designReview_revised.pdf, page2 used o
n input line 592.
(pdftex.def)             Requested size: 948.60757pt x 711.45567pt.
File: ./additionalPDF/designReview_revised.pdf Graphic file (type pdf)
<use ./additionalPDF/designReview_revised.pdf, page 2>
Package pdftex.def Info: ./additionalPDF/designReview_revised.pdf, page2 used o
n input line 592.
(pdftex.def)             Requested size: 948.60757pt x 711.45567pt.
[25 <./additionalPDF/designReview_revised.pdf>]
<./additionalPDF/designReview_revised.pdf, id=1056, page=3, 722.7pt x 542.025pt
>
File: ./additionalPDF/designReview_revised.pdf Graphic file (type pdf)
<use ./additionalPDF/designReview_revised.pdf, page 3>
Package pdftex.def Info: ./additionalPDF/designReview_revised.pdf, page3 used o
n input line 592.
(pdftex.def)             Requested size: 948.60757pt x 711.45567pt.
File: ./additionalPDF/designReview_revised.pdf Graphic file (type pdf)
<use ./additionalPDF/designReview_revised.pdf, page 3>
Package pdftex.def Info: ./additionalPDF/designReview_revised.pdf, page3 used o
n input line 592.
(pdftex.def)             Requested size: 948.60757pt x 711.45567pt.
File: ./additionalPDF/designReview_revised.pdf Graphic file (type pdf)
<use ./additionalPDF/designReview_revised.pdf, page 3>
Package pdftex.def Info: ./additionalPDF/designReview_revised.pdf, page3 used o
n input line 592.
(pdftex.def)             Requested size: 948.60757pt x 711.45567pt.
[26 <./additionalPDF/designReview_revised.pdf>]
<./additionalPDF/designReview_revised.pdf, id=1062, page=4, 722.7pt x 542.025pt
>
File: ./additionalPDF/designReview_revised.pdf Graphic file (type pdf)
<use ./additionalPDF/designReview_revised.pdf, page 4>
Package pdftex.def Info: ./additionalPDF/designReview_revised.pdf, page4 used o
n input line 592.
(pdftex.def)             Requested size: 948.60757pt x 711.45567pt.
File: ./additionalPDF/designReview_revised.pdf Graphic file (type pdf)
<use ./additionalPDF/designReview_revised.pdf, page 4>
Package pdftex.def Info: ./additionalPDF/designReview_revised.pdf, page4 used o
n input line 592.
(pdftex.def)             Requested size: 948.60757pt x 711.45567pt.
File: ./additionalPDF/designReview_revised.pdf Graphic file (type pdf)
<use ./additionalPDF/designReview_revised.pdf, page 4>
Package pdftex.def Info: ./additionalPDF/designReview_revised.pdf, page4 used o
n input line 592.
(pdftex.def)             Requested size: 948.60757pt x 711.45567pt.
[27 <./additionalPDF/designReview_revised.pdf>]
<./additionalPDF/designReview_revised.pdf, id=1069, page=5, 722.7pt x 542.025pt
>
File: ./additionalPDF/designReview_revised.pdf Graphic file (type pdf)
<use ./additionalPDF/designReview_revised.pdf, page 5>
Package pdftex.def Info: ./additionalPDF/designReview_revised.pdf, page5 used o
n input line 592.
(pdftex.def)             Requested size: 948.60757pt x 711.45567pt.
File: ./additionalPDF/designReview_revised.pdf Graphic file (type pdf)
<use ./additionalPDF/designReview_revised.pdf, page 5>
Package pdftex.def Info: ./additionalPDF/designReview_revised.pdf, page5 used o
n input line 592.
(pdftex.def)             Requested size: 948.60757pt x 711.45567pt.
File: ./additionalPDF/designReview_revised.pdf Graphic file (type pdf)
<use ./additionalPDF/designReview_revised.pdf, page 5>
Package pdftex.def Info: ./additionalPDF/designReview_revised.pdf, page5 used o
n input line 592.
(pdftex.def)             Requested size: 948.60757pt x 711.45567pt.
[28 <./additionalPDF/designReview_revised.pdf>]
<./additionalPDF/designReview_revised.pdf, id=1075, page=6, 722.7pt x 542.025pt
>
File: ./additionalPDF/designReview_revised.pdf Graphic file (type pdf)
<use ./additionalPDF/designReview_revised.pdf, page 6>
Package pdftex.def Info: ./additionalPDF/designReview_revised.pdf, page6 used o
n input line 592.
(pdftex.def)             Requested size: 948.60757pt x 711.45567pt.
File: ./additionalPDF/designReview_revised.pdf Graphic file (type pdf)
<use ./additionalPDF/designReview_revised.pdf, page 6>
Package pdftex.def Info: ./additionalPDF/designReview_revised.pdf, page6 used o
n input line 592.
(pdftex.def)             Requested size: 948.60757pt x 711.45567pt.
File: ./additionalPDF/designReview_revised.pdf Graphic file (type pdf)
<use ./additionalPDF/designReview_revised.pdf, page 6>
Package pdftex.def Info: ./additionalPDF/designReview_revised.pdf, page6 used o
n input line 592.
(pdftex.def)             Requested size: 948.60757pt x 711.45567pt.
[29 <./additionalPDF/designReview_revised.pdf>]
<./additionalPDF/designReview_revised.pdf, id=1081, page=7, 722.7pt x 542.025pt
>
File: ./additionalPDF/designReview_revised.pdf Graphic file (type pdf)
<use ./additionalPDF/designReview_revised.pdf, page 7>
Package pdftex.def Info: ./additionalPDF/designReview_revised.pdf, page7 used o
n input line 592.
(pdftex.def)             Requested size: 948.60757pt x 711.45567pt.
File: ./additionalPDF/designReview_revised.pdf Graphic file (type pdf)
<use ./additionalPDF/designReview_revised.pdf, page 7>
Package pdftex.def Info: ./additionalPDF/designReview_revised.pdf, page7 used o
n input line 592.
(pdftex.def)             Requested size: 948.60757pt x 711.45567pt.
File: ./additionalPDF/designReview_revised.pdf Graphic file (type pdf)
<use ./additionalPDF/designReview_revised.pdf, page 7>
Package pdftex.def Info: ./additionalPDF/designReview_revised.pdf, page7 used o
n input line 592.
(pdftex.def)             Requested size: 948.60757pt x 711.45567pt.
[30 <./additionalPDF/designReview_revised.pdf>]
<./additionalPDF/designReview_revised.pdf, id=1087, page=8, 722.7pt x 542.025pt
>
File: ./additionalPDF/designReview_revised.pdf Graphic file (type pdf)
<use ./additionalPDF/designReview_revised.pdf, page 8>
Package pdftex.def Info: ./additionalPDF/designReview_revised.pdf, page8 used o
n input line 592.
(pdftex.def)             Requested size: 948.60757pt x 711.45567pt.
File: ./additionalPDF/designReview_revised.pdf Graphic file (type pdf)
<use ./additionalPDF/designReview_revised.pdf, page 8>
Package pdftex.def Info: ./additionalPDF/designReview_revised.pdf, page8 used o
n input line 592.
(pdftex.def)             Requested size: 948.60757pt x 711.45567pt.
File: ./additionalPDF/designReview_revised.pdf Graphic file (type pdf)
<use ./additionalPDF/designReview_revised.pdf, page 8>
Package pdftex.def Info: ./additionalPDF/designReview_revised.pdf, page8 used o
n input line 592.
(pdftex.def)             Requested size: 948.60757pt x 711.45567pt.
[31 <./additionalPDF/designReview_revised.pdf>]
<./additionalPDF/designReview_revised.pdf, id=1093, page=9, 722.7pt x 542.025pt
>
File: ./additionalPDF/designReview_revised.pdf Graphic file (type pdf)
<use ./additionalPDF/designReview_revised.pdf, page 9>
Package pdftex.def Info: ./additionalPDF/designReview_revised.pdf, page9 used o
n input line 592.
(pdftex.def)             Requested size: 948.60757pt x 711.45567pt.
File: ./additionalPDF/designReview_revised.pdf Graphic file (type pdf)
<use ./additionalPDF/designReview_revised.pdf, page 9>
Package pdftex.def Info: ./additionalPDF/designReview_revised.pdf, page9 used o
n input line 592.
(pdftex.def)             Requested size: 948.60757pt x 711.45567pt.
File: ./additionalPDF/designReview_revised.pdf Graphic file (type pdf)
<use ./additionalPDF/designReview_revised.pdf, page 9>
Package pdftex.def Info: ./additionalPDF/designReview_revised.pdf, page9 used o
n input line 592.
(pdftex.def)             Requested size: 948.60757pt x 711.45567pt.
[32 <./additionalPDF/designReview_revised.pdf>]
\openout2 = `./designDoc.aux'.

(C:\Users\David\Dropbox\Mission-Control\Documents\portfolio/./designDoc.tex
LaTeX Font Info:    External font `cmex10' loaded for size
(Font)              <12> on input line 15.
<./graphics/partbin.jpg, id=1099, 1074.26344pt x 917.67844pt>
File: ./graphics/partbin.jpg Graphic file (type jpg)
<use ./graphics/partbin.jpg>
Package pdftex.def Info: ./graphics/partbin.jpg used on input line 28.
(pdftex.def)             Requested size: 210.59857pt x 179.89175pt.
[33

 <./graphics/partbin.jpg>] <./plantUML/droneControlSequence.png, id=1106, 607.2
6875pt x 674.52pt>
File: ./plantUML/droneControlSequence.png Graphic file (type png)
<use ./plantUML/droneControlSequence.png>
Package pdftex.def Info: ./plantUML/droneControlSequence.png used on input line
 56.
(pdftex.def)             Requested size: 234.0pt x 259.9123pt.

LaTeX Warning: `!h' float specifier changed to `!ht'.

[34] [35 <./plantUML/droneControlSequence.png (PNG copy)>] <./graphics/guiMocku
p.png, id=1122, 693.34032pt x 520.94624pt>
File: ./graphics/guiMockup.png Graphic file (type png)
<use ./graphics/guiMockup.png>
Package pdftex.def Info: ./graphics/guiMockup.png used on input line 103.
(pdftex.def)             Requested size: 351.0pt x 263.73157pt.

LaTeX Warning: `!h' float specifier changed to `!ht'.

) [36] [37 <./graphics/guiMockup.png>]
File: ./plantUML/droneControlSequence.png Graphic file (type png)
<use ./plantUML/droneControlSequence.png>
Package pdftex.def Info: ./plantUML/droneControlSequence.png used on input line
 613.
(pdftex.def)             Requested size: 234.0pt x 259.9123pt.
<./plantUML/PIDloop.png, id=1135, 755.82375pt x 420.57124pt>
File: ./plantUML/PIDloop.png Graphic file (type png)
<use ./plantUML/PIDloop.png>
Package pdftex.def Info: ./plantUML/PIDloop.png used on input line 620.
(pdftex.def)             Requested size: 234.0pt x 130.20247pt.
[38


 <./plantUML/PIDloop.png (PNG copy)>]
LaTeX Font Info:    External font `cmex10' loaded for size
(Font)              <14.4> on input line 626.
LaTeX Font Info:    External font `cmex10' loaded for size
(Font)              <7> on input line 626.
LaTeX Font Info:    Font shape `OMS/cmr/bx/n' in size <10> not available
(Font)              Font shape `OMS/cmsy/b/n' tried instead on input line 626.

Package hyperref Warning: Token not allowed in a PDF string (PDFDocEncoding):
(hyperref)                removing `\mathsurround' on input line 626.


Package hyperref Warning: Token not allowed in a PDF string (PDFDocEncoding):
(hyperref)                removing `\z@' on input line 626.


Package hyperref Warning: Token not allowed in a PDF string (PDFDocEncoding):
(hyperref)                removing `superscript' on input line 626.



pdfTeX warning: pdflatex.exe (file ./additionalPDF/Atmel-644.pdf): PDF inclusio
n: found PDF version <1.6>, but at most version <1.5> allowed
<./additionalPDF/Atmel-644.pdf, id=1140, 614.295pt x 794.97pt>
File: ./additionalPDF/Atmel-644.pdf Graphic file (type pdf)
<use ./additionalPDF/Atmel-644.pdf>
Package pdftex.def Info: ./additionalPDF/Atmel-644.pdf used on input line 630.
(pdftex.def)             Requested size: 374.40143pt x 484.51857pt.


pdfTeX warning: pdflatex.exe (file ./additionalPDF/Atmel-2560.pdf): PDF inclusi
on: found PDF version <1.6>, but at most version <1.5> allowed
<./additionalPDF/Atmel-2560.pdf, id=1141, 614.295pt x 794.97pt>
File: ./additionalPDF/Atmel-2560.pdf Graphic file (type pdf)
<use ./additionalPDF/Atmel-2560.pdf>
Package pdftex.def Info: ./additionalPDF/Atmel-2560.pdf used on input line 637.

(pdftex.def)             Requested size: 374.40143pt x 484.51857pt.

LaTeX Warning: `!h' float specifier changed to `!ht'.

[39

 <./additionalPDF/Atmel-644.pdf>] [40 <./additionalPDF/Atmel-2560.pdf>]
Package epstopdf Info: Source file: <./graphics/BatteryBoxV5.eps>
(epstopdf)                    date: 2015-03-07 16:53:22
(epstopdf)                    size: 254552 bytes
(epstopdf)             Output file: <./graphics/BatteryBoxV5-eps-converted-to.p
df>
(epstopdf)                    date: 2015-03-07 21:29:24
(epstopdf)                    size: 58106 bytes
(epstopdf)             Command: <repstopdf --outfile=./graphics/BatteryBoxV5-ep
s-converted-to.pdf ./graphics/BatteryBoxV5.eps>
(epstopdf)             \includegraphics on input line 649.
Package epstopdf Info: Output file is already uptodate.

<./graphics/BatteryBoxV5-eps-converted-to.pdf, id=1192, 1195.46625pt x 846.1612
5pt>
File: ./graphics/BatteryBoxV5-eps-converted-to.pdf Graphic file (type pdf)
<use ./graphics/BatteryBoxV5-eps-converted-to.pdf>
Package pdftex.def Info: ./graphics/BatteryBoxV5-eps-converted-to.pdf used on i
nput line 649.
(pdftex.def)             Requested size: 468.0pt x 331.25397pt.
Package epstopdf Info: Source file: <./graphics/Speed_controler_bin.eps>
(epstopdf)                    date: 2015-03-07 17:26:12
(epstopdf)                    size: 204762 bytes
(epstopdf)             Output file: <./graphics/Speed_controler_bin-eps-convert
ed-to.pdf>
(epstopdf)                    date: 2015-03-07 21:26:30
(epstopdf)                    size: 56506 bytes
(epstopdf)             Command: <repstopdf --outfile=./graphics/Speed_controler
_bin-eps-converted-to.pdf ./graphics/Speed_controler_bin.eps>
(epstopdf)             \includegraphics on input line 656.
Package epstopdf Info: Output file is already uptodate.

<./graphics/Speed_controler_bin-eps-converted-to.pdf, id=1193, 1195.46625pt x 8
46.16125pt>
File: ./graphics/Speed_controler_bin-eps-converted-to.pdf Graphic file (type pd
f)
<use ./graphics/Speed_controler_bin-eps-converted-to.pdf>
Package pdftex.def Info: ./graphics/Speed_controler_bin-eps-converted-to.pdf us
ed on input line 656.
(pdftex.def)             Requested size: 468.0pt x 331.25397pt.

LaTeX Warning: `!h' float specifier changed to `!ht'.

Package epstopdf Info: Source file: <./graphics/Landing_strut.eps>
(epstopdf)                    date: 2015-03-07 17:59:52
(epstopdf)                    size: 176095 bytes
(epstopdf)             Output file: <./graphics/Landing_strut-eps-converted-to.
pdf>
(epstopdf)                    date: 2015-03-07 21:26:32
(epstopdf)                    size: 49654 bytes
(epstopdf)             Command: <repstopdf --outfile=./graphics/Landing_strut-e
ps-converted-to.pdf ./graphics/Landing_strut.eps>
(epstopdf)             \includegraphics on input line 663.
Package epstopdf Info: Output file is already uptodate.

<./graphics/Landing_strut-eps-converted-to.pdf, id=1194, 1195.46625pt x 846.161
25pt>
File: ./graphics/Landing_strut-eps-converted-to.pdf Graphic file (type pdf)
<use ./graphics/Landing_strut-eps-converted-to.pdf>
Package pdftex.def Info: ./graphics/Landing_strut-eps-converted-to.pdf used on 
input line 663.
(pdftex.def)             Requested size: 468.0pt x 331.25397pt.

LaTeX Warning: `!h' float specifier changed to `!ht'.

Package epstopdf Info: Source file: <./graphics/wire_brace_uper_clamp.eps>
(epstopdf)                    date: 2015-03-07 17:53:56
(epstopdf)                    size: 169238 bytes
(epstopdf)             Output file: <./graphics/wire_brace_uper_clamp-eps-conve
rted-to.pdf>
(epstopdf)                    date: 2015-03-07 21:26:33
(epstopdf)                    size: 50277 bytes
(epstopdf)             Command: <repstopdf --outfile=./graphics/wire_brace_uper
_clamp-eps-converted-to.pdf ./graphics/wire_brace_uper_clamp.eps>
(epstopdf)             \includegraphics on input line 670.
Package epstopdf Info: Output file is already uptodate.

<./graphics/wire_brace_uper_clamp-eps-converted-to.pdf, id=1195, 1195.46625pt x
 846.16125pt>
File: ./graphics/wire_brace_uper_clamp-eps-converted-to.pdf Graphic file (type 
pdf)
<use ./graphics/wire_brace_uper_clamp-eps-converted-to.pdf>
Package pdftex.def Info: ./graphics/wire_brace_uper_clamp-eps-converted-to.pdf 
used on input line 670.
(pdftex.def)             Requested size: 468.0pt x 331.25397pt.

LaTeX Warning: `!h' float specifier changed to `!ht'.

Package epstopdf Info: Source file: <./graphics/MotorMountWireBracket.eps>
(epstopdf)                    date: 2015-03-07 17:41:55
(epstopdf)                    size: 187202 bytes
(epstopdf)             Output file: <./graphics/MotorMountWireBracket-eps-conve
rted-to.pdf>
(epstopdf)                    date: 2015-03-07 21:26:34
(epstopdf)                    size: 52239 bytes
(epstopdf)             Command: <repstopdf --outfile=./graphics/MotorMountWireB
racket-eps-converted-to.pdf ./graphics/MotorMountWireBracket.eps>
(epstopdf)             \includegraphics on input line 678.
Package epstopdf Info: Output file is already uptodate.

<./graphics/MotorMountWireBracket-eps-converted-to.pdf, id=1196, 1195.46625pt x
 846.16125pt>
File: ./graphics/MotorMountWireBracket-eps-converted-to.pdf Graphic file (type 
pdf)
<use ./graphics/MotorMountWireBracket-eps-converted-to.pdf>
Package pdftex.def Info: ./graphics/MotorMountWireBracket-eps-converted-to.pdf 
used on input line 678.
(pdftex.def)             Requested size: 468.0pt x 331.25397pt.

LaTeX Warning: `!h' float specifier changed to `!ht'.

Package epstopdf Info: Source file: <./graphics/gps_mountV2.eps>
(epstopdf)                    date: 2015-03-07 17:10:28
(epstopdf)                    size: 163422 bytes
(epstopdf)             Output file: <./graphics/gps_mountV2-eps-converted-to.pd
f>
(epstopdf)                    date: 2015-03-07 21:26:36
(epstopdf)                    size: 50466 bytes
(epstopdf)             Command: <repstopdf --outfile=./graphics/gps_mountV2-eps
-converted-to.pdf ./graphics/gps_mountV2.eps>
(epstopdf)             \includegraphics on input line 685.
Package epstopdf Info: Output file is already uptodate.

<./graphics/gps_mountV2-eps-converted-to.pdf, id=1197, 1195.46625pt x 846.16125
pt>
File: ./graphics/gps_mountV2-eps-converted-to.pdf Graphic file (type pdf)
<use ./graphics/gps_mountV2-eps-converted-to.pdf>
Package pdftex.def Info: ./graphics/gps_mountV2-eps-converted-to.pdf used on in
put line 685.
(pdftex.def)             Requested size: 468.0pt x 331.25397pt.

LaTeX Warning: `!h' float specifier changed to `!ht'.

Package epstopdf Info: Source file: <./graphics/spacers_battery.eps>
(epstopdf)                    date: 2015-03-07 17:04:56
(epstopdf)                    size: 165923 bytes
(epstopdf)             Output file: <./graphics/spacers_battery-eps-converted-t
o.pdf>
(epstopdf)                    date: 2015-03-07 21:26:37
(epstopdf)                    size: 50629 bytes
(epstopdf)             Command: <repstopdf --outfile=./graphics/spacers_battery
-eps-converted-to.pdf ./graphics/spacers_battery.eps>
(epstopdf)             \includegraphics on input line 692.
Package epstopdf Info: Output file is already uptodate.

<./graphics/spacers_battery-eps-converted-to.pdf, id=1198, 1195.46625pt x 846.1
6125pt>
File: ./graphics/spacers_battery-eps-converted-to.pdf Graphic file (type pdf)
<use ./graphics/spacers_battery-eps-converted-to.pdf>
Package pdftex.def Info: ./graphics/spacers_battery-eps-converted-to.pdf used o
n input line 692.
(pdftex.def)             Requested size: 468.0pt x 331.25397pt.

LaTeX Warning: `!h' float specifier changed to `!ht'.

Package epstopdf Info: Source file: <./graphics/10_DOF_plate.eps>
(epstopdf)                    date: 2015-03-07 16:45:10
(epstopdf)                    size: 163261 bytes
(epstopdf)             Output file: <./graphics/10_DOF_plate-eps-converted-to.p
df>
(epstopdf)                    date: 2015-03-07 21:26:39
(epstopdf)                    size: 50625 bytes
(epstopdf)             Command: <repstopdf --outfile=./graphics/10_DOF_plate-ep
s-converted-to.pdf ./graphics/10_DOF_plate.eps>
(epstopdf)             \includegraphics on input line 699.
Package epstopdf Info: Output file is already uptodate.

<./graphics/10_DOF_plate-eps-converted-to.pdf, id=1199, 1195.46625pt x 846.1612
5pt>
File: ./graphics/10_DOF_plate-eps-converted-to.pdf Graphic file (type pdf)
<use ./graphics/10_DOF_plate-eps-converted-to.pdf>
Package pdftex.def Info: ./graphics/10_DOF_plate-eps-converted-to.pdf used on i
nput line 699.
(pdftex.def)             Requested size: 468.0pt x 331.25397pt.

LaTeX Warning: `!h' float specifier changed to `!ht'.

Package epstopdf Info: Source file: <./graphics/wire_brace_lowerclamp.eps>
(epstopdf)                    date: 2015-03-07 16:35:01
(epstopdf)                    size: 167643 bytes
(epstopdf)             Output file: <./graphics/wire_brace_lowerclamp-eps-conve
rted-to.pdf>
(epstopdf)                    date: 2015-03-07 21:26:40
(epstopdf)                    size: 50515 bytes
(epstopdf)             Command: <repstopdf --outfile=./graphics/wire_brace_lowe
rclamp-eps-converted-to.pdf ./graphics/wire_brace_lowerclamp.eps>
(epstopdf)             \includegraphics on input line 706.
Package epstopdf Info: Output file is already uptodate.

<./graphics/wire_brace_lowerclamp-eps-converted-to.pdf, id=1200, 1195.46625pt x
 846.16125pt>
File: ./graphics/wire_brace_lowerclamp-eps-converted-to.pdf Graphic file (type 
pdf)
<use ./graphics/wire_brace_lowerclamp-eps-converted-to.pdf>
Package pdftex.def Info: ./graphics/wire_brace_lowerclamp-eps-converted-to.pdf 
used on input line 706.
(pdftex.def)             Requested size: 468.0pt x 331.25397pt.

LaTeX Warning: `!h' float specifier changed to `!ht'.

Package epstopdf Info: Source file: <./graphics/arduino_platformv7.eps>
(epstopdf)                    date: 2015-03-07 16:11:34
(epstopdf)                    size: 182115 bytes
(epstopdf)             Output file: <./graphics/arduino_platformv7-eps-converte
d-to.pdf>
(epstopdf)                    date: 2015-03-07 21:26:42
(epstopdf)                    size: 52979 bytes
(epstopdf)             Command: <repstopdf --outfile=./graphics/arduino_platfor
mv7-eps-converted-to.pdf ./graphics/arduino_platformv7.eps>
(epstopdf)             \includegraphics on input line 713.
Package epstopdf Info: Output file is already uptodate.

<./graphics/arduino_platformv7-eps-converted-to.pdf, id=1201, 1195.46625pt x 84
6.16125pt>
File: ./graphics/arduino_platformv7-eps-converted-to.pdf Graphic file (type pdf
)
<use ./graphics/arduino_platformv7-eps-converted-to.pdf>
Package pdftex.def Info: ./graphics/arduino_platformv7-eps-converted-to.pdf use
d on input line 713.
(pdftex.def)             Requested size: 468.0pt x 331.25397pt.

LaTeX Warning: `!h' float specifier changed to `!ht'.

Package epstopdf Info: Source file: <./graphics/LED_Bracket.eps>
(epstopdf)                    date: 2015-03-07 21:24:37
(epstopdf)                    size: 266964 bytes
(epstopdf)             Output file: <./graphics/LED_Bracket-eps-converted-to.pd
f>
(epstopdf)                    date: 2015-03-07 21:28:39
(epstopdf)                    size: 57586 bytes
(epstopdf)             Command: <repstopdf --outfile=./graphics/LED_Bracket-eps
-converted-to.pdf ./graphics/LED_Bracket.eps>
(epstopdf)             \includegraphics on input line 720.
Package epstopdf Info: Output file is already uptodate.

<./graphics/LED_Bracket-eps-converted-to.pdf, id=1202, 1195.46625pt x 846.16125
pt>
File: ./graphics/LED_Bracket-eps-converted-to.pdf Graphic file (type pdf)
<use ./graphics/LED_Bracket-eps-converted-to.pdf>
Package pdftex.def Info: ./graphics/LED_Bracket-eps-converted-to.pdf used on in
put line 720.
(pdftex.def)             Requested size: 468.0pt x 331.25397pt.

LaTeX Warning: `!h' float specifier changed to `!ht'.

[41

 <./graphics/BatteryBoxV5-eps-converted-to.pdf>]
Package atveryend Info: Empty hook `BeforeClearDocument' on input line 728.
[42 <./graphics/Speed_controler_bin-eps-converted-to.pdf>] [43 <./graphics/Land
ing_strut-eps-converted-to.pdf>] [44 <./graphics/wire_brace_uper_clamp-eps-conv
erted-to.pdf>] [45 <./graphics/MotorMountWireBracket-eps-converted-to.pdf>] [46
 <./graphics/gps_mountV2-eps-converted-to.pdf>] [47 <./graphics/spacers_battery
-eps-converted-to.pdf>] [48 <./graphics/10_DOF_plate-eps-converted-to.pdf>] [49
 <./graphics/wire_brace_lowerclamp-eps-converted-to.pdf>] [50 <./graphics/ardui
no_platformv7-eps-converted-to.pdf>] [51 <./graphics/LED_Bracket-eps-converted-
to.pdf>]
Package atveryend Info: Empty hook `AfterLastShipout' on input line 728.

(C:\Users\David\Dropbox\Mission-Control\Documents\portfolio/capstonePortfolio.a
ux (C:\Users\David\Dropbox\Mission-Control\Documents\portfolio/./designDoc.aux)
)
Package atveryend Info: Executing hook `AtVeryEndDocument' on input line 728.
Package atveryend Info: Executing hook `AtEndAfterFileList' on input line 728.
Package rerunfilecheck Info: File `capstonePortfolio.out' has not changed.
(rerunfilecheck)             Checksum: A14A953A3982AA82E07D8F5C44C49C74;2650.

LaTeX Warning: There were multiply-defined labels.

Package atveryend Info: Empty hook `AtVeryVeryEnd' on input line 728.
 ) 
Here is how much of TeX's memory you used:
 18489 strings out of 493109
 338609 string characters out of 6138581
 468794 words of memory out of 5000000
 21160 multiletter control sequences out of 15000+600000
 13057 words of font info for 45 fonts, out of 8000000 for 9000
 1141 hyphenation exceptions out of 8191
 55i,18n,54p,904b,1854s stack positions out of 5000i,500n,10000p,200000b,80000s
<c:/texlive/2014/texmf-dist/fonts/type1/public/amsfonts/cm/cmbsy10.pfb><c:/te
xlive/2014/texmf-dist/fonts/type1/public/amsfonts/cmextra/cmbsy8.pfb><c:/texliv
e/2014/texmf-dist/fonts/type1/public/amsfonts/cm/cmbx10.pfb><c:/texlive/2014/te
xmf-dist/fonts/type1/public/amsfonts/cm/cmbx12.pfb><c:/texlive/2014/texmf-dist/
fonts/type1/public/amsfonts/cm/cmbx8.pfb><c:/texlive/2014/texmf-dist/fonts/type
1/public/amsfonts/cm/cmcsc10.pfb><c:/texlive/2014/texmf-dist/fonts/type1/public
/amsfonts/cm/cmmi10.pfb><c:/texlive/2014/texmf-dist/fonts/type1/public/amsfonts
/cm/cmr10.pfb><c:/texlive/2014/texmf-dist/fonts/type1/public/amsfonts/cm/cmr12.
pfb><c:/texlive/2014/texmf-dist/fonts/type1/public/amsfonts/cm/cmr17.pfb><c:/te
xlive/2014/texmf-dist/fonts/type1/public/amsfonts/cm/cmr8.pfb><c:/texlive/2014/
texmf-dist/fonts/type1/public/amsfonts/cm/cmsy10.pfb><c:/texlive/2014/texmf-dis
t/fonts/type1/public/amsfonts/cm/cmsy8.pfb><c:/texlive/2014/texmf-dist/fonts/ty
pe1/public/amsfonts/cm/cmti10.pfb><c:/texlive/2014/texmf-dist/fonts/type1/publi
c/amsfonts/cm/cmti12.pfb>
Output written on C:\Users\David\Dropbox\Mission-Control\Documents\portfolio/ca
pstonePortfolio.pdf (55 pages, 3319759 bytes).
PDF statistics:
 1538 PDF objects out of 1728 (max. 8388607)
 1223 compressed objects within 13 object streams
 437 named destinations out of 1000 (max. 500000)
 499 words of extra memory for PDF output out of 10000 (max. 10000000)

